0 info it worked if it ends with ok
1 verbose cli [ '/usr/local/bin/node', '/usr/local/bin/npm', 'run', 'dev' ]
2 info using npm@3.10.3
3 info using node@v6.3.1
4 verbose run-script [ 'predev', 'dev', 'postdev' ]
5 info lifecycle pw@1.0.0~predev: pw@1.0.0
6 silly lifecycle pw@1.0.0~predev: no script for predev, continuing
7 info lifecycle pw@1.0.0~dev: pw@1.0.0
8 verbose lifecycle pw@1.0.0~dev: unsafe-perm in lifecycle true
9 verbose lifecycle pw@1.0.0~dev: PATH: /usr/local/lib/node_modules/npm/bin/node-gyp-bin:/Users/superliu/Documents/ws/pw/postloan/node_modules/.bin:/usr/local/bin:/Library/Frameworks/Python.framework/Versions/3.6/bin:/Library/Java/JavaVirtualMachines/jdk1.8.0_92.jdk/Contents/Home/bin:/Users/superliu/Documents/tools/apache-maven-3.3.9/bin:/usr/local/bin:/usr/bin:/bin:/usr/sbin:/sbin:/usr/local/go/bin:.
10 verbose lifecycle pw@1.0.0~dev: CWD: /Users/superliu/Documents/ws/pw/postloan
11 silly lifecycle pw@1.0.0~dev: Args: [ '-c', 'node app' ]
12 silly lifecycle pw@1.0.0~dev: Returned: code: 1  signal: null
13 info lifecycle pw@1.0.0~dev: Failed to exec dev script
14 verbose stack Error: pw@1.0.0 dev: `node app`
14 verbose stack Exit status 1
14 verbose stack     at EventEmitter.<anonymous> (/usr/local/lib/node_modules/npm/lib/utils/lifecycle.js:242:16)
14 verbose stack     at emitTwo (events.js:106:13)
14 verbose stack     at EventEmitter.emit (events.js:191:7)
14 verbose stack     at ChildProcess.<anonymous> (/usr/local/lib/node_modules/npm/lib/utils/spawn.js:40:14)
14 verbose stack     at emitTwo (events.js:106:13)
14 verbose stack     at ChildProcess.emit (events.js:191:7)
14 verbose stack     at maybeClose (internal/child_process.js:852:16)
14 verbose stack     at Process.ChildProcess._handle.onexit (internal/child_process.js:215:5)
15 verbose pkgid pw@1.0.0
16 verbose cwd /Users/superliu/Documents/ws/pw/postloan
17 error Darwin 16.6.0
18 error argv "/usr/local/bin/node" "/usr/local/bin/npm" "run" "dev"
19 error node v6.3.1
20 error npm  v3.10.3
21 error code ELIFECYCLE
22 error pw@1.0.0 dev: `node app`
22 error Exit status 1
23 error Failed at the pw@1.0.0 dev script 'node app'.
23 error Make sure you have the latest version of node.js and npm installed.
23 error If you do, this is most likely a problem with the pw package,
23 error not with npm itself.
23 error Tell the author that this fails on your system:
23 error     node app
23 error You can get information on how to open an issue for this project with:
23 error     npm bugs pw
23 error Or if that isn't available, you can get their info via:
23 error     npm owner ls pw
23 error There is likely additional logging output above.
24 verbose exit [ 1, true ]
